<?xml version="1.0" encoding="UTF-8"?>
<!-- Generated by org.testng.reporters.JUnitXMLReporter -->
<testsuite hostname="DSs-MacBook-Pro" ignored="0" name="UserAcceptance" tests="4" failures="0" timestamp="2022-02-14T15:40:24 PST" time="23.701" errors="0">
  <testcase name="runScenario" time="3.813" classname="io.cucumber.testng.AbstractTestNGCucumberTests"/>
  <testcase name="runScenario" time="6.988" classname="io.cucumber.testng.AbstractTestNGCucumberTests"/>
  <testcase name="runScenario" time="9.311" classname="io.cucumber.testng.AbstractTestNGCucumberTests"/>
  <testcase name="runScenario" time="3.025" classname="io.cucumber.testng.AbstractTestNGCucumberTests"/>
</testsuite> <!-- UserAcceptance -->
