<?xml version="1.0" encoding="UTF-8"?>
<testng-results ignored="0" total="4" passed="4" failed="0" skipped="0">
  <reporter-output>
  </reporter-output>
  <suite started-at="2022-02-13T19:30:29 PST" name="CucumberSalesForceTestSuit" finished-at="2022-02-13T19:30:52 PST" duration-ms="22628">
    <groups>
      <group name="cucumber">
        <method signature="AbstractTestNGCucumberTests.runScenario(io.cucumber.testng.PickleWrapper, io.cucumber.testng.FeatureWrapper)[pri:0, instance:com.salesforce.runner.TestRunnerSFLogin@276438c9]" name="runScenario" class="io.cucumber.testng.AbstractTestNGCucumberTests"/>
      </group> <!-- cucumber -->
    </groups>
    <test started-at="2022-02-13T19:30:29 PST" name="UserAcceptance" finished-at="2022-02-13T19:30:52 PST" duration-ms="22628">
      <class name="com.salesforce.runner.TestRunnerSFLogin">
        <test-method is-config="true" signature="setUpClass(org.testng.ITestContext)[pri:0, instance:com.salesforce.runner.TestRunnerSFLogin@276438c9]" started-at="2022-02-13T19:30:29 PST" name="setUpClass" finished-at="2022-02-13T19:30:30 PST" duration-ms="405" status="PASS">
          <params>
            <param index="0">
              <value>
                <![CDATA[org.testng.TestRunner@2f3166a]]>
              </value>
            </param>
          </params>
          <reporter-output>
          </reporter-output>
        </test-method> <!-- setUpClass -->
        <test-method signature="runScenario(io.cucumber.testng.PickleWrapper, io.cucumber.testng.FeatureWrapper)[pri:0, instance:com.salesforce.runner.TestRunnerSFLogin@276438c9]" started-at="2022-02-13T19:30:30 PST" name="runScenario" description="Runs Cucumber Scenarios" data-provider="scenarios" finished-at="2022-02-13T19:30:34 PST" duration-ms="3825" status="PASS">
          <params>
            <param index="0">
              <value>
                <![CDATA["checking login with invalid login credentials"]]>
              </value>
            </param>
            <param index="1">
              <value>
                <![CDATA["Optional[Implement Salesforce Login page]"]]>
              </value>
            </param>
          </params>
          <reporter-output>
          </reporter-output>
        </test-method> <!-- runScenario -->
        <test-method signature="runScenario(io.cucumber.testng.PickleWrapper, io.cucumber.testng.FeatureWrapper)[pri:0, instance:com.salesforce.runner.TestRunnerSFLogin@276438c9]" started-at="2022-02-13T19:30:34 PST" name="runScenario" description="Runs Cucumber Scenarios" data-provider="scenarios" finished-at="2022-02-13T19:30:40 PST" duration-ms="6389" status="PASS">
          <params>
            <param index="0">
              <value>
                <![CDATA["checking login with valid login credentials"]]>
              </value>
            </param>
            <param index="1">
              <value>
                <![CDATA["Optional[Implement Salesforce Login page]"]]>
              </value>
            </param>
          </params>
          <reporter-output>
          </reporter-output>
        </test-method> <!-- runScenario -->
        <test-method signature="runScenario(io.cucumber.testng.PickleWrapper, io.cucumber.testng.FeatureWrapper)[pri:0, instance:com.salesforce.runner.TestRunnerSFLogin@276438c9]" started-at="2022-02-13T19:30:40 PST" name="runScenario" description="Runs Cucumber Scenarios" data-provider="scenarios" finished-at="2022-02-13T19:30:48 PST" duration-ms="8479" status="PASS">
          <params>
            <param index="0">
              <value>
                <![CDATA["checking username saved when remember me option selected"]]>
              </value>
            </param>
            <param index="1">
              <value>
                <![CDATA["Optional[Implement Salesforce Login page]"]]>
              </value>
            </param>
          </params>
          <reporter-output>
          </reporter-output>
        </test-method> <!-- runScenario -->
        <test-method signature="runScenario(io.cucumber.testng.PickleWrapper, io.cucumber.testng.FeatureWrapper)[pri:0, instance:com.salesforce.runner.TestRunnerSFLogin@276438c9]" started-at="2022-02-13T19:30:48 PST" name="runScenario" description="Runs Cucumber Scenarios" data-provider="scenarios" finished-at="2022-02-13T19:30:52 PST" duration-ms="3457" status="PASS">
          <params>
            <param index="0">
              <value>
                <![CDATA["checking forgot password link"]]>
              </value>
            </param>
            <param index="1">
              <value>
                <![CDATA["Optional[Implement Salesforce Login page]"]]>
              </value>
            </param>
          </params>
          <reporter-output>
          </reporter-output>
        </test-method> <!-- runScenario -->
        <test-method is-config="true" signature="tearDownClass()[pri:0, instance:com.salesforce.runner.TestRunnerSFLogin@276438c9]" started-at="2022-02-13T19:30:52 PST" name="tearDownClass" finished-at="2022-02-13T19:30:52 PST" duration-ms="49" status="PASS">
          <reporter-output>
          </reporter-output>
        </test-method> <!-- tearDownClass -->
      </class> <!-- com.salesforce.runner.TestRunnerSFLogin -->
    </test> <!-- UserAcceptance -->
  </suite> <!-- CucumberSalesForceTestSuit -->
</testng-results>
