<?xml version="1.0" encoding="UTF-8"?>
<testng-results skipped="0" failed="0" ignored="0" total="4" passed="4">
  <reporter-output>
  </reporter-output>
  <suite name="CucumberSalesForceTestSuit" duration-ms="23701" started-at="2022-02-14T15:40:00 PST" finished-at="2022-02-14T15:40:24 PST">
    <groups>
      <group name="cucumber">
        <method signature="AbstractTestNGCucumberTests.runScenario(io.cucumber.testng.PickleWrapper, io.cucumber.testng.FeatureWrapper)[pri:0, instance:com.salesforce.runner.TestRunnerSFLogin@64bf3bbf]" name="runScenario" class="io.cucumber.testng.AbstractTestNGCucumberTests"/>
      </group> <!-- cucumber -->
    </groups>
    <test name="UserAcceptance" duration-ms="23701" started-at="2022-02-14T15:40:00 PST" finished-at="2022-02-14T15:40:24 PST">
      <class name="com.salesforce.runner.TestRunnerSFLogin">
        <test-method status="PASS" signature="setUpClass(org.testng.ITestContext)[pri:0, instance:com.salesforce.runner.TestRunnerSFLogin@64bf3bbf]" name="setUpClass" is-config="true" duration-ms="499" started-at="2022-02-14T15:40:00 PST" finished-at="2022-02-14T15:40:01 PST">
          <params>
            <param index="0">
              <value>
                <![CDATA[org.testng.TestRunner@4d6ee47]]>
              </value>
            </param>
          </params>
          <reporter-output>
          </reporter-output>
        </test-method> <!-- setUpClass -->
        <test-method status="PASS" signature="runScenario(io.cucumber.testng.PickleWrapper, io.cucumber.testng.FeatureWrapper)[pri:0, instance:com.salesforce.runner.TestRunnerSFLogin@64bf3bbf]" name="runScenario" duration-ms="3813" started-at="2022-02-14T15:40:01 PST" description="Runs Cucumber Scenarios" data-provider="scenarios" finished-at="2022-02-14T15:40:05 PST">
          <params>
            <param index="0">
              <value>
                <![CDATA["checking login with invalid login credentials"]]>
              </value>
            </param>
            <param index="1">
              <value>
                <![CDATA["Optional[Implement Salesforce Login page]"]]>
              </value>
            </param>
          </params>
          <reporter-output>
          </reporter-output>
        </test-method> <!-- runScenario -->
        <test-method status="PASS" signature="runScenario(io.cucumber.testng.PickleWrapper, io.cucumber.testng.FeatureWrapper)[pri:0, instance:com.salesforce.runner.TestRunnerSFLogin@64bf3bbf]" name="runScenario" duration-ms="6988" started-at="2022-02-14T15:40:05 PST" description="Runs Cucumber Scenarios" data-provider="scenarios" finished-at="2022-02-14T15:40:12 PST">
          <params>
            <param index="0">
              <value>
                <![CDATA["checking login with valid login credentials"]]>
              </value>
            </param>
            <param index="1">
              <value>
                <![CDATA["Optional[Implement Salesforce Login page]"]]>
              </value>
            </param>
          </params>
          <reporter-output>
          </reporter-output>
        </test-method> <!-- runScenario -->
        <test-method status="PASS" signature="runScenario(io.cucumber.testng.PickleWrapper, io.cucumber.testng.FeatureWrapper)[pri:0, instance:com.salesforce.runner.TestRunnerSFLogin@64bf3bbf]" name="runScenario" duration-ms="9311" started-at="2022-02-14T15:40:12 PST" description="Runs Cucumber Scenarios" data-provider="scenarios" finished-at="2022-02-14T15:40:21 PST">
          <params>
            <param index="0">
              <value>
                <![CDATA["checking username saved when remember me option selected"]]>
              </value>
            </param>
            <param index="1">
              <value>
                <![CDATA["Optional[Implement Salesforce Login page]"]]>
              </value>
            </param>
          </params>
          <reporter-output>
          </reporter-output>
        </test-method> <!-- runScenario -->
        <test-method status="PASS" signature="runScenario(io.cucumber.testng.PickleWrapper, io.cucumber.testng.FeatureWrapper)[pri:0, instance:com.salesforce.runner.TestRunnerSFLogin@64bf3bbf]" name="runScenario" duration-ms="3025" started-at="2022-02-14T15:40:21 PST" description="Runs Cucumber Scenarios" data-provider="scenarios" finished-at="2022-02-14T15:40:24 PST">
          <params>
            <param index="0">
              <value>
                <![CDATA["checking forgot password link"]]>
              </value>
            </param>
            <param index="1">
              <value>
                <![CDATA["Optional[Implement Salesforce Login page]"]]>
              </value>
            </param>
          </params>
          <reporter-output>
          </reporter-output>
        </test-method> <!-- runScenario -->
        <test-method status="PASS" signature="tearDownClass()[pri:0, instance:com.salesforce.runner.TestRunnerSFLogin@64bf3bbf]" name="tearDownClass" is-config="true" duration-ms="36" started-at="2022-02-14T15:40:24 PST" finished-at="2022-02-14T15:40:24 PST">
          <reporter-output>
          </reporter-output>
        </test-method> <!-- tearDownClass -->
      </class> <!-- com.salesforce.runner.TestRunnerSFLogin -->
    </test> <!-- UserAcceptance -->
  </suite> <!-- CucumberSalesForceTestSuit -->
</testng-results>
