<?xml version="1.0" encoding="UTF-8"?>
<testng-results ignored="0" total="4" passed="4" failed="0" skipped="0">
  <reporter-output>
  </reporter-output>
  <suite started-at="2022-02-13T18:58:51 PST" name="CucumberSalesForceTestSuit" finished-at="2022-02-13T18:59:13 PST" duration-ms="21918">
    <groups>
      <group name="cucumber">
        <method signature="AbstractTestNGCucumberTests.runScenario(io.cucumber.testng.PickleWrapper, io.cucumber.testng.FeatureWrapper)[pri:0, instance:com.salesforce.runner.TestRunnerSFLogin@1d082e88]" name="runScenario" class="io.cucumber.testng.AbstractTestNGCucumberTests"/>
      </group> <!-- cucumber -->
    </groups>
    <test started-at="2022-02-13T18:58:51 PST" name="UserAcceptance" finished-at="2022-02-13T18:59:13 PST" duration-ms="21918">
      <class name="com.salesforce.runner.TestRunnerSFLogin">
        <test-method is-config="true" signature="setUpClass(org.testng.ITestContext)[pri:0, instance:com.salesforce.runner.TestRunnerSFLogin@1d082e88]" started-at="2022-02-13T18:58:51 PST" name="setUpClass" finished-at="2022-02-13T18:58:52 PST" duration-ms="195" status="PASS">
          <params>
            <param index="0">
              <value>
                <![CDATA[org.testng.TestRunner@4f0f7849]]>
              </value>
            </param>
          </params>
          <reporter-output>
          </reporter-output>
        </test-method> <!-- setUpClass -->
        <test-method signature="runScenario(io.cucumber.testng.PickleWrapper, io.cucumber.testng.FeatureWrapper)[pri:0, instance:com.salesforce.runner.TestRunnerSFLogin@1d082e88]" started-at="2022-02-13T18:58:52 PST" name="runScenario" description="Runs Cucumber Scenarios" data-provider="scenarios" finished-at="2022-02-13T18:58:56 PST" duration-ms="3866" status="PASS">
          <params>
            <param index="0">
              <value>
                <![CDATA["checking login with invalid login credentials"]]>
              </value>
            </param>
            <param index="1">
              <value>
                <![CDATA["Optional[Implement Salesforce Login page]"]]>
              </value>
            </param>
          </params>
          <reporter-output>
          </reporter-output>
        </test-method> <!-- runScenario -->
        <test-method signature="runScenario(io.cucumber.testng.PickleWrapper, io.cucumber.testng.FeatureWrapper)[pri:0, instance:com.salesforce.runner.TestRunnerSFLogin@1d082e88]" started-at="2022-02-13T18:58:56 PST" name="runScenario" description="Runs Cucumber Scenarios" data-provider="scenarios" finished-at="2022-02-13T18:59:02 PST" duration-ms="6957" status="PASS">
          <params>
            <param index="0">
              <value>
                <![CDATA["checking login with valid login credentials"]]>
              </value>
            </param>
            <param index="1">
              <value>
                <![CDATA["Optional[Implement Salesforce Login page]"]]>
              </value>
            </param>
          </params>
          <reporter-output>
          </reporter-output>
        </test-method> <!-- runScenario -->
        <test-method signature="runScenario(io.cucumber.testng.PickleWrapper, io.cucumber.testng.FeatureWrapper)[pri:0, instance:com.salesforce.runner.TestRunnerSFLogin@1d082e88]" started-at="2022-02-13T18:59:02 PST" name="runScenario" description="Runs Cucumber Scenarios" data-provider="scenarios" finished-at="2022-02-13T18:59:11 PST" duration-ms="8042" status="PASS">
          <params>
            <param index="0">
              <value>
                <![CDATA["checking username saved when remember me option selected"]]>
              </value>
            </param>
            <param index="1">
              <value>
                <![CDATA["Optional[Implement Salesforce Login page]"]]>
              </value>
            </param>
          </params>
          <reporter-output>
          </reporter-output>
        </test-method> <!-- runScenario -->
        <test-method signature="runScenario(io.cucumber.testng.PickleWrapper, io.cucumber.testng.FeatureWrapper)[pri:0, instance:com.salesforce.runner.TestRunnerSFLogin@1d082e88]" started-at="2022-02-13T18:59:11 PST" name="runScenario" description="Runs Cucumber Scenarios" data-provider="scenarios" finished-at="2022-02-13T18:59:13 PST" duration-ms="2817" status="PASS">
          <params>
            <param index="0">
              <value>
                <![CDATA["checking forgot password link"]]>
              </value>
            </param>
            <param index="1">
              <value>
                <![CDATA["Optional[Implement Salesforce Login page]"]]>
              </value>
            </param>
          </params>
          <reporter-output>
          </reporter-output>
        </test-method> <!-- runScenario -->
        <test-method is-config="true" signature="tearDownClass()[pri:0, instance:com.salesforce.runner.TestRunnerSFLogin@1d082e88]" started-at="2022-02-13T18:59:13 PST" name="tearDownClass" finished-at="2022-02-13T18:59:13 PST" duration-ms="8" status="PASS">
          <reporter-output>
          </reporter-output>
        </test-method> <!-- tearDownClass -->
      </class> <!-- com.salesforce.runner.TestRunnerSFLogin -->
    </test> <!-- UserAcceptance -->
  </suite> <!-- CucumberSalesForceTestSuit -->
</testng-results>
